[2021-04-09 07:21:22] local.ERROR: View [welcome] not found. {"exception":"[object] (InvalidArgumentException(code: 0): View [welcome] not found. at /home/thommy/git/_guildnews.de/gn-tools/vendor/laravel/framework/src/Illuminate/View/FileViewFinder.php:137)
[stacktrace]
#0 /home/thommy/git/_guildnews.de/gn-tools/vendor/laravel/framework/src/Illuminate/View/FileViewFinder.php(79): Illuminate\\View\\FileViewFinder->findInPaths()
#1 /home/thommy/git/_guildnews.de/gn-tools/vendor/laravel/framework/src/Illuminate/View/Factory.php(138): Illuminate\\View\\FileViewFinder->find()
#2 /home/thommy/git/_guildnews.de/gn-tools/vendor/laravel/framework/src/Illuminate/Routing/ResponseFactory.php(85): Illuminate\\View\\Factory->make()
#3 /home/thommy/git/_guildnews.de/gn-tools/vendor/laravel/framework/src/Illuminate/Routing/ViewController.php(37): Illuminate\\Routing\\ResponseFactory->view()
#4 /home/thommy/git/_guildnews.de/gn-tools/vendor/laravel/framework/src/Illuminate/Routing/Controller.php(54): Illuminate\\Routing\\ViewController->__invoke()
#5 /home/thommy/git/_guildnews.de/gn-tools/vendor/laravel/framework/src/Illuminate/Routing/ControllerDispatcher.php(45): Illuminate\\Routing\\Controller->callAction()
#6 /home/thommy/git/_guildnews.de/gn-tools/vendor/laravel/framework/src/Illuminate/Routing/Route.php(254): Illuminate\\Routing\\ControllerDispatcher->dispatch()
#7 /home/thommy/git/_guildnews.de/gn-tools/vendor/laravel/framework/src/Illuminate/Routing/Route.php(197): Illuminate\\Routing\\Route->runController()
#8 /home/thommy/git/_guildnews.de/gn-tools/vendor/laravel/framework/src/Illuminate/Routing/Router.php(695): Illuminate\\Routing\\Route->run()
#9 /home/thommy/git/_guildnews.de/gn-tools/vendor/laravel/framework/src/Illuminate/Pipeline/Pipeline.php(128): Illuminate\\Routing\\Router->Illuminate\\Routing\\{closure}()
#10 /home/thommy/git/_guildnews.de/gn-tools/vendor/laravel/framework/src/Illuminate/Routing/Middleware/SubstituteBindings.php(50): Illuminate\\Pipeline\\Pipeline->Illuminate\\Pipeline\\{closure}()
#11 /home/thommy/git/_guildnews.de/gn-tools/vendor/laravel/framework/src/Illuminate/Pipeline/Pipeline.php(167): Illuminate\\Routing\\Middleware\\SubstituteBindings->handle()
#12 /home/thommy/git/_guildnews.de/gn-tools/vendor/laravel/framework/src/Illuminate/Foundation/Http/Middleware/VerifyCsrfToken.php(78): Illuminate\\Pipeline\\Pipeline->Illuminate\\Pipeline\\{closure}()
#13 /home/thommy/git/_guildnews.de/gn-tools/vendor/laravel/framework/src/Illuminate/Pipeline/Pipeline.php(167): Illuminate\\Foundation\\Http\\Middleware\\VerifyCsrfToken->handle()
#14 /home/thommy/git/_guildnews.de/gn-tools/vendor/laravel/framework/src/Illuminate/View/Middleware/ShareErrorsFromSession.php(49): Illuminate\\Pipeline\\Pipeline->Illuminate\\Pipeline\\{closure}()
#15 /home/thommy/git/_guildnews.de/gn-tools/vendor/laravel/framework/src/Illuminate/Pipeline/Pipeline.php(167): Illuminate\\View\\Middleware\\ShareErrorsFromSession->handle()
#16 /home/thommy/git/_guildnews.de/gn-tools/vendor/laravel/framework/src/Illuminate/Session/Middleware/StartSession.php(121): Illuminate\\Pipeline\\Pipeline->Illuminate\\Pipeline\\{closure}()
#17 /home/thommy/git/_guildnews.de/gn-tools/vendor/laravel/framework/src/Illuminate/Session/Middleware/StartSession.php(64): Illuminate\\Session\\Middleware\\StartSession->handleStatefulRequest()
#18 /home/thommy/git/_guildnews.de/gn-tools/vendor/laravel/framework/src/Illuminate/Pipeline/Pipeline.php(167): Illuminate\\Session\\Middleware\\StartSession->handle()
#19 /home/thommy/git/_guildnews.de/gn-tools/vendor/laravel/framework/src/Illuminate/Cookie/Middleware/AddQueuedCookiesToResponse.php(37): Illuminate\\Pipeline\\Pipeline->Illuminate\\Pipeline\\{closure}()
#20 /home/thommy/git/_guildnews.de/gn-tools/vendor/laravel/framework/src/Illuminate/Pipeline/Pipeline.php(167): Illuminate\\Cookie\\Middleware\\AddQueuedCookiesToResponse->handle()
#21 /home/thommy/git/_guildnews.de/gn-tools/vendor/laravel/framework/src/Illuminate/Cookie/Middleware/EncryptCookies.php(67): Illuminate\\Pipeline\\Pipeline->Illuminate\\Pipeline\\{closure}()
#22 /home/thommy/git/_guildnews.de/gn-tools/vendor/laravel/framework/src/Illuminate/Pipeline/Pipeline.php(167): Illuminate\\Cookie\\Middleware\\EncryptCookies->handle()
#23 /home/thommy/git/_guildnews.de/gn-tools/vendor/laravel/framework/src/Illuminate/Pipeline/Pipeline.php(103): Illuminate\\Pipeline\\Pipeline->Illuminate\\Pipeline\\{closure}()
#24 /home/thommy/git/_guildnews.de/gn-tools/vendor/laravel/framework/src/Illuminate/Routing/Router.php(697): Illuminate\\Pipeline\\Pipeline->then()
#25 /home/thommy/git/_guildnews.de/gn-tools/vendor/laravel/framework/src/Illuminate/Routing/Router.php(672): Illuminate\\Routing\\Router->runRouteWithinStack()
#26 /home/thommy/git/_guildnews.de/gn-tools/vendor/laravel/framework/src/Illuminate/Routing/Router.php(636): Illuminate\\Routing\\Router->runRoute()
#27 /home/thommy/git/_guildnews.de/gn-tools/vendor/laravel/framework/src/Illuminate/Routing/Router.php(625): Illuminate\\Routing\\Router->dispatchToRoute()
#28 /home/thommy/git/_guildnews.de/gn-tools/vendor/laravel/framework/src/Illuminate/Foundation/Http/Kernel.php(166): Illuminate\\Routing\\Router->dispatch()
#29 /home/thommy/git/_guildnews.de/gn-tools/vendor/laravel/framework/src/Illuminate/Pipeline/Pipeline.php(128): Illuminate\\Foundation\\Http\\Kernel->Illuminate\\Foundation\\Http\\{closure}()
#30 /home/thommy/git/_guildnews.de/gn-tools/vendor/laravel/framework/src/Illuminate/Foundation/Http/Middleware/TransformsRequest.php(21): Illuminate\\Pipeline\\Pipeline->Illuminate\\Pipeline\\{closure}()
#31 /home/thommy/git/_guildnews.de/gn-tools/vendor/laravel/framework/src/Illuminate/Pipeline/Pipeline.php(167): Illuminate\\Foundation\\Http\\Middleware\\TransformsRequest->handle()
#32 /home/thommy/git/_guildnews.de/gn-tools/vendor/laravel/framework/src/Illuminate/Foundation/Http/Middleware/TransformsRequest.php(21): Illuminate\\Pipeline\\Pipeline->Illuminate\\Pipeline\\{closure}()
#33 /home/thommy/git/_guildnews.de/gn-tools/vendor/laravel/framework/src/Illuminate/Pipeline/Pipeline.php(167): Illuminate\\Foundation\\Http\\Middleware\\TransformsRequest->handle()
#34 /home/thommy/git/_guildnews.de/gn-tools/vendor/laravel/framework/src/Illuminate/Foundation/Http/Middleware/ValidatePostSize.php(27): Illuminate\\Pipeline\\Pipeline->Illuminate\\Pipeline\\{closure}()
#35 /home/thommy/git/_guildnews.de/gn-tools/vendor/laravel/framework/src/Illuminate/Pipeline/Pipeline.php(167): Illuminate\\Foundation\\Http\\Middleware\\ValidatePostSize->handle()
#36 /home/thommy/git/_guildnews.de/gn-tools/vendor/laravel/framework/src/Illuminate/Foundation/Http/Middleware/PreventRequestsDuringMaintenance.php(86): Illuminate\\Pipeline\\Pipeline->Illuminate\\Pipeline\\{closure}()
#37 /home/thommy/git/_guildnews.de/gn-tools/vendor/laravel/framework/src/Illuminate/Pipeline/Pipeline.php(167): Illuminate\\Foundation\\Http\\Middleware\\PreventRequestsDuringMaintenance->handle()
#38 /home/thommy/git/_guildnews.de/gn-tools/vendor/fruitcake/laravel-cors/src/HandleCors.php(37): Illuminate\\Pipeline\\Pipeline->Illuminate\\Pipeline\\{closure}()
#39 /home/thommy/git/_guildnews.de/gn-tools/vendor/laravel/framework/src/Illuminate/Pipeline/Pipeline.php(167): Fruitcake\\Cors\\HandleCors->handle()
#40 /home/thommy/git/_guildnews.de/gn-tools/vendor/fideloper/proxy/src/TrustProxies.php(57): Illuminate\\Pipeline\\Pipeline->Illuminate\\Pipeline\\{closure}()
#41 /home/thommy/git/_guildnews.de/gn-tools/vendor/laravel/framework/src/Illuminate/Pipeline/Pipeline.php(167): Fideloper\\Proxy\\TrustProxies->handle()
#42 /home/thommy/git/_guildnews.de/gn-tools/vendor/laravel/framework/src/Illuminate/Pipeline/Pipeline.php(103): Illuminate\\Pipeline\\Pipeline->Illuminate\\Pipeline\\{closure}()
#43 /home/thommy/git/_guildnews.de/gn-tools/vendor/laravel/framework/src/Illuminate/Foundation/Http/Kernel.php(141): Illuminate\\Pipeline\\Pipeline->then()
#44 /home/thommy/git/_guildnews.de/gn-tools/vendor/laravel/framework/src/Illuminate/Foundation/Http/Kernel.php(110): Illuminate\\Foundation\\Http\\Kernel->sendRequestThroughRouter()
#45 /home/thommy/git/_guildnews.de/gn-tools/public/index.php(52): Illuminate\\Foundation\\Http\\Kernel->handle()
#46 /home/thommy/git/_guildnews.de/gn-tools/server.php(21): require_once('/home/thommy/gi...')
#47 {main}
"} 
[2021-04-09 07:21:22] local.ERROR: file_put_contents(/home/thommy/git/_guildnews.de/gn-tools/src/storage/framework/sessions/kCSJ9ji7fbmObDdmAFOQuRwPHcTcWJiR1Y4DAhhi): failed to open stream: No such file or directory {"exception":"[object] (ErrorException(code: 0): file_put_contents(/home/thommy/git/_guildnews.de/gn-tools/src/storage/framework/sessions/kCSJ9ji7fbmObDdmAFOQuRwPHcTcWJiR1Y4DAhhi): failed to open stream: No such file or directory at /home/thommy/git/_guildnews.de/gn-tools/vendor/laravel/framework/src/Illuminate/Filesystem/Filesystem.php:185)
[stacktrace]
#0 [internal function]: Illuminate\\Foundation\\Bootstrap\\HandleExceptions->handleError()
#1 /home/thommy/git/_guildnews.de/gn-tools/vendor/laravel/framework/src/Illuminate/Filesystem/Filesystem.php(185): file_put_contents()
#2 /home/thommy/git/_guildnews.de/gn-tools/vendor/laravel/framework/src/Illuminate/Session/FileSessionHandler.php(83): Illuminate\\Filesystem\\Filesystem->put()
#3 /home/thommy/git/_guildnews.de/gn-tools/vendor/laravel/framework/src/Illuminate/Session/Store.php(129): Illuminate\\Session\\FileSessionHandler->write()
#4 /home/thommy/git/_guildnews.de/gn-tools/vendor/laravel/framework/src/Illuminate/Session/Middleware/StartSession.php(236): Illuminate\\Session\\Store->save()
#5 /home/thommy/git/_guildnews.de/gn-tools/vendor/laravel/framework/src/Illuminate/Session/Middleware/StartSession.php(130): Illuminate\\Session\\Middleware\\StartSession->saveSession()
#6 /home/thommy/git/_guildnews.de/gn-tools/vendor/laravel/framework/src/Illuminate/Session/Middleware/StartSession.php(64): Illuminate\\Session\\Middleware\\StartSession->handleStatefulRequest()
#7 /home/thommy/git/_guildnews.de/gn-tools/vendor/laravel/framework/src/Illuminate/Pipeline/Pipeline.php(167): Illuminate\\Session\\Middleware\\StartSession->handle()
#8 /home/thommy/git/_guildnews.de/gn-tools/vendor/laravel/framework/src/Illuminate/Cookie/Middleware/AddQueuedCookiesToResponse.php(37): Illuminate\\Pipeline\\Pipeline->Illuminate\\Pipeline\\{closure}()
#9 /home/thommy/git/_guildnews.de/gn-tools/vendor/laravel/framework/src/Illuminate/Pipeline/Pipeline.php(167): Illuminate\\Cookie\\Middleware\\AddQueuedCookiesToResponse->handle()
#10 /home/thommy/git/_guildnews.de/gn-tools/vendor/laravel/framework/src/Illuminate/Cookie/Middleware/EncryptCookies.php(67): Illuminate\\Pipeline\\Pipeline->Illuminate\\Pipeline\\{closure}()
#11 /home/thommy/git/_guildnews.de/gn-tools/vendor/laravel/framework/src/Illuminate/Pipeline/Pipeline.php(167): Illuminate\\Cookie\\Middleware\\EncryptCookies->handle()
#12 /home/thommy/git/_guildnews.de/gn-tools/vendor/laravel/framework/src/Illuminate/Pipeline/Pipeline.php(103): Illuminate\\Pipeline\\Pipeline->Illuminate\\Pipeline\\{closure}()
#13 /home/thommy/git/_guildnews.de/gn-tools/vendor/laravel/framework/src/Illuminate/Routing/Router.php(697): Illuminate\\Pipeline\\Pipeline->then()
#14 /home/thommy/git/_guildnews.de/gn-tools/vendor/laravel/framework/src/Illuminate/Routing/Router.php(672): Illuminate\\Routing\\Router->runRouteWithinStack()
#15 /home/thommy/git/_guildnews.de/gn-tools/vendor/laravel/framework/src/Illuminate/Routing/Router.php(636): Illuminate\\Routing\\Router->runRoute()
#16 /home/thommy/git/_guildnews.de/gn-tools/vendor/laravel/framework/src/Illuminate/Routing/Router.php(625): Illuminate\\Routing\\Router->dispatchToRoute()
#17 /home/thommy/git/_guildnews.de/gn-tools/vendor/laravel/framework/src/Illuminate/Foundation/Http/Kernel.php(166): Illuminate\\Routing\\Router->dispatch()
#18 /home/thommy/git/_guildnews.de/gn-tools/vendor/laravel/framework/src/Illuminate/Pipeline/Pipeline.php(128): Illuminate\\Foundation\\Http\\Kernel->Illuminate\\Foundation\\Http\\{closure}()
#19 /home/thommy/git/_guildnews.de/gn-tools/vendor/laravel/framework/src/Illuminate/Foundation/Http/Middleware/TransformsRequest.php(21): Illuminate\\Pipeline\\Pipeline->Illuminate\\Pipeline\\{closure}()
#20 /home/thommy/git/_guildnews.de/gn-tools/vendor/laravel/framework/src/Illuminate/Pipeline/Pipeline.php(167): Illuminate\\Foundation\\Http\\Middleware\\TransformsRequest->handle()
#21 /home/thommy/git/_guildnews.de/gn-tools/vendor/laravel/framework/src/Illuminate/Foundation/Http/Middleware/TransformsRequest.php(21): Illuminate\\Pipeline\\Pipeline->Illuminate\\Pipeline\\{closure}()
#22 /home/thommy/git/_guildnews.de/gn-tools/vendor/laravel/framework/src/Illuminate/Pipeline/Pipeline.php(167): Illuminate\\Foundation\\Http\\Middleware\\TransformsRequest->handle()
#23 /home/thommy/git/_guildnews.de/gn-tools/vendor/laravel/framework/src/Illuminate/Foundation/Http/Middleware/ValidatePostSize.php(27): Illuminate\\Pipeline\\Pipeline->Illuminate\\Pipeline\\{closure}()
#24 /home/thommy/git/_guildnews.de/gn-tools/vendor/laravel/framework/src/Illuminate/Pipeline/Pipeline.php(167): Illuminate\\Foundation\\Http\\Middleware\\ValidatePostSize->handle()
#25 /home/thommy/git/_guildnews.de/gn-tools/vendor/laravel/framework/src/Illuminate/Foundation/Http/Middleware/PreventRequestsDuringMaintenance.php(86): Illuminate\\Pipeline\\Pipeline->Illuminate\\Pipeline\\{closure}()
#26 /home/thommy/git/_guildnews.de/gn-tools/vendor/laravel/framework/src/Illuminate/Pipeline/Pipeline.php(167): Illuminate\\Foundation\\Http\\Middleware\\PreventRequestsDuringMaintenance->handle()
#27 /home/thommy/git/_guildnews.de/gn-tools/vendor/fruitcake/laravel-cors/src/HandleCors.php(37): Illuminate\\Pipeline\\Pipeline->Illuminate\\Pipeline\\{closure}()
#28 /home/thommy/git/_guildnews.de/gn-tools/vendor/laravel/framework/src/Illuminate/Pipeline/Pipeline.php(167): Fruitcake\\Cors\\HandleCors->handle()
#29 /home/thommy/git/_guildnews.de/gn-tools/vendor/fideloper/proxy/src/TrustProxies.php(57): Illuminate\\Pipeline\\Pipeline->Illuminate\\Pipeline\\{closure}()
#30 /home/thommy/git/_guildnews.de/gn-tools/vendor/laravel/framework/src/Illuminate/Pipeline/Pipeline.php(167): Fideloper\\Proxy\\TrustProxies->handle()
#31 /home/thommy/git/_guildnews.de/gn-tools/vendor/laravel/framework/src/Illuminate/Pipeline/Pipeline.php(103): Illuminate\\Pipeline\\Pipeline->Illuminate\\Pipeline\\{closure}()
#32 /home/thommy/git/_guildnews.de/gn-tools/vendor/laravel/framework/src/Illuminate/Foundation/Http/Kernel.php(141): Illuminate\\Pipeline\\Pipeline->then()
#33 /home/thommy/git/_guildnews.de/gn-tools/vendor/laravel/framework/src/Illuminate/Foundation/Http/Kernel.php(110): Illuminate\\Foundation\\Http\\Kernel->sendRequestThroughRouter()
#34 /home/thommy/git/_guildnews.de/gn-tools/public/index.php(52): Illuminate\\Foundation\\Http\\Kernel->handle()
#35 /home/thommy/git/_guildnews.de/gn-tools/server.php(21): require_once('/home/thommy/gi...')
#36 {main}
"} 
[2021-04-09 07:21:48] local.ERROR: The "/home/thommy/git/_guildnews.de/gn-tools/src/resources/views" directory does not exist. {"exception":"[object] (Symfony\\Component\\Finder\\Exception\\DirectoryNotFoundException(code: 0): The \"/home/thommy/git/_guildnews.de/gn-tools/src/resources/views\" directory does not exist. at /home/thommy/git/_guildnews.de/gn-tools/vendor/symfony/finder/Finder.php:590)
[stacktrace]
#0 /home/thommy/git/_guildnews.de/gn-tools/vendor/laravel/framework/src/Illuminate/Foundation/Console/ViewCacheCommand.php(67): Symfony\\Component\\Finder\\Finder->in()
#1 /home/thommy/git/_guildnews.de/gn-tools/vendor/laravel/framework/src/Illuminate/Foundation/Console/ViewCacheCommand.php(36): Illuminate\\Foundation\\Console\\ViewCacheCommand->bladeFilesIn()
#2 /home/thommy/git/_guildnews.de/gn-tools/vendor/laravel/framework/src/Illuminate/Collections/Traits/EnumeratesValues.php(234): Illuminate\\Foundation\\Console\\ViewCacheCommand->Illuminate\\Foundation\\Console\\{closure}()
#3 /home/thommy/git/_guildnews.de/gn-tools/vendor/laravel/framework/src/Illuminate/Foundation/Console/ViewCacheCommand.php(37): Illuminate\\Support\\Collection->each()
#4 /home/thommy/git/_guildnews.de/gn-tools/vendor/laravel/framework/src/Illuminate/Container/BoundMethod.php(36): Illuminate\\Foundation\\Console\\ViewCacheCommand->handle()
#5 /home/thommy/git/_guildnews.de/gn-tools/vendor/laravel/framework/src/Illuminate/Container/Util.php(40): Illuminate\\Container\\BoundMethod::Illuminate\\Container\\{closure}()
#6 /home/thommy/git/_guildnews.de/gn-tools/vendor/laravel/framework/src/Illuminate/Container/BoundMethod.php(93): Illuminate\\Container\\Util::unwrapIfClosure()
#7 /home/thommy/git/_guildnews.de/gn-tools/vendor/laravel/framework/src/Illuminate/Container/BoundMethod.php(37): Illuminate\\Container\\BoundMethod::callBoundMethod()
#8 /home/thommy/git/_guildnews.de/gn-tools/vendor/laravel/framework/src/Illuminate/Container/Container.php(611): Illuminate\\Container\\BoundMethod::call()
#9 /home/thommy/git/_guildnews.de/gn-tools/vendor/laravel/framework/src/Illuminate/Console/Command.php(136): Illuminate\\Container\\Container->call()
#10 /home/thommy/git/_guildnews.de/gn-tools/vendor/symfony/console/Command/Command.php(256): Illuminate\\Console\\Command->execute()
#11 /home/thommy/git/_guildnews.de/gn-tools/vendor/laravel/framework/src/Illuminate/Console/Command.php(121): Symfony\\Component\\Console\\Command\\Command->run()
#12 /home/thommy/git/_guildnews.de/gn-tools/vendor/symfony/console/Application.php(971): Illuminate\\Console\\Command->run()
#13 /home/thommy/git/_guildnews.de/gn-tools/vendor/symfony/console/Application.php(290): Symfony\\Component\\Console\\Application->doRunCommand()
#14 /home/thommy/git/_guildnews.de/gn-tools/vendor/symfony/console/Application.php(166): Symfony\\Component\\Console\\Application->doRun()
#15 /home/thommy/git/_guildnews.de/gn-tools/vendor/laravel/framework/src/Illuminate/Console/Application.php(92): Symfony\\Component\\Console\\Application->run()
#16 /home/thommy/git/_guildnews.de/gn-tools/vendor/laravel/framework/src/Illuminate/Foundation/Console/Kernel.php(129): Illuminate\\Console\\Application->run()
#17 /home/thommy/git/_guildnews.de/gn-tools/artisan(37): Illuminate\\Foundation\\Console\\Kernel->handle()
#18 {main}
"} 
